{"name": "test_basic_addition", "status": "failed", "statusDetails": {"message": "AssertionError: assert 3 == 2", "trace": "fixturefunc = <function _ at 0x7eff02244680>\nrequest = <FixtureRequest for <Function test_basic_addition>>\nkwargs = {'result': 3}\n\n    def call_fixture_func(\n        fixturefunc: _FixtureFunc[FixtureValue], request: FixtureRequest, kwargs\n    ) -> FixtureValue:\n        if inspect.isgeneratorfunction(fixturefunc):\n            fixturefunc = cast(Callable[..., Generator[FixtureValue]], fixturefunc)\n            generator = fixturefunc(**kwargs)\n            try:\n                fixture_result = next(generator)\n            except StopIteration:\n                raise ValueError(f\"{request.fixturename} did not yield a value\") from None\n            finalizer = functools.partial(_teardown_yield_fixture, fixturefunc, generator)\n            request.addfinalizer(finalizer)\n        else:\n            fixturefunc = cast(Callable[..., FixtureValue], fixturefunc)\n>           fixture_result = fixturefunc(**kwargs)\n                             ^^^^^^^^^^^^^^^^^^^^^\n\n/opt/hostedtoolcache/Python/3.11.12/x64/lib/python3.11/site-packages/_pytest/fixtures.py:929: \n_ _ _ _ _ _ _ _ _ _ _ _ _ _ _ _ _ _ _ _ _ _ _ _ _ _ _ _ _ _ _ _ _ _ _ _ _ _ _ _ \n\nresult = 3\n\n    @then(\"the result should be 2\")\n    def _(result):\n>       assert result == 2\nE       assert 3 == 2\n\ntests/test_example.py:19: AssertionError"}, "description": "/home/runner/work/bdd-test-poc/bdd-test-poc/features/example.feature: Basic addition", "start": 1749734849768, "stop": 1749734849769, "uuid": "5b5b0578-b40d-4a08-8a6c-00f25fd2ca91", "historyId": "2d12d6d5fb792f388c7449c02e740ddc", "testCaseId": "2d12d6d5fb792f388c7449c02e740ddc", "fullName": "tests.test_example#test_basic_addition", "labels": [{"name": "parentSuite", "value": "tests"}, {"name": "suite", "value": "test_example"}, {"name": "host", "value": "pkrvmxyh4eaekms"}, {"name": "thread", "value": "1935-MainThread"}, {"name": "framework", "value": "pytest"}, {"name": "language", "value": "cpython3"}, {"name": "package", "value": "tests.test_example"}]}