{"uid":"59bea919a44cf270","name":"Basic addition","fullName":"features/example.feature:Basic addition","historyId":"0458ac243ce0cfa7b75550a2706565f8.d41d8cd98f00b204e9800998ecf8427e","time":{"start":1751269416220,"stop":1751269416222,"duration":2},"status":"failed","statusMessage":"AssertionError: assert 3 == 2","statusTrace":"fixturefunc = <function _ at 0x7f5927c8f4c0>\nrequest = <FixtureRequest for <Function test_basic_addition>>\nkwargs = {'result': 3}\n\n    def call_fixture_func(\n        fixturefunc: _FixtureFunc[FixtureValue], request: FixtureRequest, kwargs\n    ) -> FixtureValue:\n        if inspect.isgeneratorfunction(fixturefunc):\n            fixturefunc = cast(Callable[..., Generator[FixtureValue]], fixturefunc)\n            generator = fixturefunc(**kwargs)\n            try:\n                fixture_result = next(generator)\n            except StopIteration:\n                raise ValueError(f\"{request.fixturename} did not yield a value\") from None\n            finalizer = functools.partial(_teardown_yield_fixture, fixturefunc, generator)\n            request.addfinalizer(finalizer)\n        else:\n            fixturefunc = cast(Callable[..., FixtureValue], fixturefunc)\n>           fixture_result = fixturefunc(**kwargs)\n                             ^^^^^^^^^^^^^^^^^^^^^\n\n/opt/hostedtoolcache/Python/3.11.13/x64/lib/python3.11/site-packages/_pytest/fixtures.py:929: \n_ _ _ _ _ _ _ _ _ _ _ _ _ _ _ _ _ _ _ _ _ _ _ _ _ _ _ _ _ _ _ _ _ _ _ _ _ _ _ _ \n\nresult = 3\n\n    @then(\"the result should be 3\")\n    def _(result):\n>       assert result == 2\nE       assert 3 == 2\n\ntests/test_example.py:19: AssertionError","flaky":false,"newFailed":false,"newBroken":false,"newPassed":false,"retriesCount":0,"retriesStatusChange":false,"beforeStages":[],"testStage":{"status":"failed","statusMessage":"AssertionError: assert 3 == 2","statusTrace":"fixturefunc = <function _ at 0x7f5927c8f4c0>\nrequest = <FixtureRequest for <Function test_basic_addition>>\nkwargs = {'result': 3}\n\n    def call_fixture_func(\n        fixturefunc: _FixtureFunc[FixtureValue], request: FixtureRequest, kwargs\n    ) -> FixtureValue:\n        if inspect.isgeneratorfunction(fixturefunc):\n            fixturefunc = cast(Callable[..., Generator[FixtureValue]], fixturefunc)\n            generator = fixturefunc(**kwargs)\n            try:\n                fixture_result = next(generator)\n            except StopIteration:\n                raise ValueError(f\"{request.fixturename} did not yield a value\") from None\n            finalizer = functools.partial(_teardown_yield_fixture, fixturefunc, generator)\n            request.addfinalizer(finalizer)\n        else:\n            fixturefunc = cast(Callable[..., FixtureValue], fixturefunc)\n>           fixture_result = fixturefunc(**kwargs)\n                             ^^^^^^^^^^^^^^^^^^^^^\n\n/opt/hostedtoolcache/Python/3.11.13/x64/lib/python3.11/site-packages/_pytest/fixtures.py:929: \n_ _ _ _ _ _ _ _ _ _ _ _ _ _ _ _ _ _ _ _ _ _ _ _ _ _ _ _ _ _ _ _ _ _ _ _ _ _ _ _ \n\nresult = 3\n\n    @then(\"the result should be 3\")\n    def _(result):\n>       assert result == 2\nE       assert 3 == 2\n\ntests/test_example.py:19: AssertionError","steps":[{"name":"Given I have two numbers","time":{"start":1751269416220,"stop":1751269416220,"duration":0},"status":"passed","steps":[],"attachments":[],"parameters":[],"shouldDisplayMessage":false,"stepsCount":0,"attachmentsCount":0,"hasContent":false,"attachmentStep":false},{"name":"When I add them","time":{"start":1751269416221,"stop":1751269416221,"duration":0},"status":"passed","steps":[],"attachments":[],"parameters":[{"name":"numbers","value":"(1, 2)"}],"shouldDisplayMessage":false,"stepsCount":0,"attachmentsCount":0,"hasContent":true,"attachmentStep":false},{"name":"Then the result should be 3","time":{"start":1751269416221,"stop":1751269416222,"duration":1},"status":"failed","statusMessage":"AssertionError: assert 3 == 2\n","statusTrace":"  File \"/opt/hostedtoolcache/Python/3.11.13/x64/lib/python3.11/site-packages/pytest_bdd/scenario.py\", line 240, in _execute_step_function\n    return_value = call_fixture_func(fixturefunc=context.step_func, request=request, kwargs=kwargs)\n                   ^^^^^^^^^^^^^^^^^^^^^^^^^^^^^^^^^^^^^^^^^^^^^^^^^^^^^^^^^^^^^^^^^^^^^^^^^^^^^^^^\n  File \"/opt/hostedtoolcache/Python/3.11.13/x64/lib/python3.11/site-packages/_pytest/fixtures.py\", line 929, in call_fixture_func\n    fixture_result = fixturefunc(**kwargs)\n                     ^^^^^^^^^^^^^^^^^^^^^\n  File \"/home/runner/work/bdd-test-poc/bdd-test-poc/tests/test_example.py\", line 19, in _\n    assert result == 2\n","steps":[],"attachments":[],"parameters":[{"name":"result","value":"3"}],"shouldDisplayMessage":true,"stepsCount":0,"attachmentsCount":0,"hasContent":true,"attachmentStep":false}],"attachments":[],"parameters":[],"shouldDisplayMessage":true,"stepsCount":3,"attachmentsCount":0,"hasContent":true,"attachmentStep":false},"afterStages":[],"labels":[{"name":"host","value":"pkrvmbietmlfzoi"},{"name":"thread","value":"2052-MainThread"},{"name":"framework","value":"pytest-bdd"},{"name":"language","value":"cpython3"},{"name":"feature","value":"Example"},{"name":"resultFormat","value":"allure2"}],"parameters":[],"links":[],"hidden":true,"retry":true,"extra":{"categories":[],"tags":[]},"source":"59bea919a44cf270.json","parameterValues":[]}